091117  9:00:04 [Note] \usr\local\mysql\bin\mysqld-opt.exe: ready for connections.
Version: '5.0.67-community-nt'  socket: ''  port: 3306  MySQL Community Edition (GPL)
091117  9:07:27 [Note] \usr\local\mysql\bin\mysqld-opt.exe: ready for connections.
Version: '5.0.67-community-nt'  socket: ''  port: 3306  MySQL Community Edition (GPL)
091117  9:26:27 [Note] \usr\local\mysql\bin\mysqld-opt.exe: ready for connections.
Version: '5.0.67-community-nt'  socket: ''  port: 3306  MySQL Community Edition (GPL)
091117  9:42:59 [Note] \usr\local\mysql\bin\mysqld-opt.exe: Normal shutdown

091117  9:43:00 [Note] \usr\local\mysql\bin\mysqld-opt.exe: Shutdown complete

091117  9:58:12 [Note] \usr\local\mysql\bin\mysqld-opt.exe: ready for connections.
Version: '5.0.67-community-nt'  socket: ''  port: 3306  MySQL Community Edition (GPL)
091117 11:17:48 [Note] \usr\local\mysql\bin\mysqld-opt.exe: Normal shutdown

091117 11:17:48 [Note] \usr\local\mysql\bin\mysqld-opt.exe: Shutdown complete

091117 11:22:57 [Note] \usr\local\mysql\bin\mysqld-opt.exe: ready for connections.
Version: '5.0.67-community-nt'  socket: ''  port: 3306  MySQL Community Edition (GPL)
091117 11:30:13 [Note] \usr\local\mysql\bin\mysqld-opt.exe: Normal shutdown

091117 11:30:13 [Note] \usr\local\mysql\bin\mysqld-opt.exe: Shutdown complete

091117 11:30:17 [Note] \usr\local\mysql\bin\mysqld-opt.exe: ready for connections.
Version: '5.0.67-community-nt'  socket: ''  port: 3306  MySQL Community Edition (GPL)
091117 11:59:07 [Note] \usr\local\mysql\bin\mysqld-opt.exe: Normal shutdown

091117 11:59:07 [Note] \usr\local\mysql\bin\mysqld-opt.exe: Shutdown complete

091117 12:00:17 [Note] \usr\local\mysql\bin\mysqld-opt.exe: ready for connections.
Version: '5.0.67-community-nt'  socket: ''  port: 3306  MySQL Community Edition (GPL)
091117 12:04:21 [Note] \usr\local\mysql\bin\mysqld-opt.exe: Normal shutdown

091117 12:04:21 [Note] \usr\local\mysql\bin\mysqld-opt.exe: Shutdown complete

091117 12:45:21 [Note] \usr\local\mysql\bin\mysqld-opt.exe: ready for connections.
Version: '5.0.67-community-nt'  socket: ''  port: 3306  MySQL Community Edition (GPL)
091117 12:53:27 [Note] \usr\local\mysql\bin\mysqld-opt.exe: Normal shutdown

091117 12:53:27 [Note] \usr\local\mysql\bin\mysqld-opt.exe: Shutdown complete

100130  2:19:22 [Note] \usr\local\mysql\bin\mysqld-opt.exe: ready for connections.
Version: '5.0.67-community-nt'  socket: ''  port: 3306  MySQL Community Edition (GPL)
100130  2:27:30 [Note] \usr\local\mysql\bin\mysqld-opt.exe: Normal shutdown

100130  2:27:30 [Note] \usr\local\mysql\bin\mysqld-opt.exe: Shutdown complete

100130  2:32:49 [Note] \usr\local\mysql\bin\mysqld-opt.exe: ready for connections.
Version: '5.0.67-community-nt'  socket: ''  port: 3306  MySQL Community Edition (GPL)
100130  2:46:33 [Note] \usr\local\mysql\bin\mysqld-opt.exe: Normal shutdown

100130  2:46:33 [Note] \usr\local\mysql\bin\mysqld-opt.exe: Shutdown complete

100130  2:49:51 [Note] \usr\local\mysql\bin\mysqld-opt.exe: ready for connections.
Version: '5.0.67-community-nt'  socket: ''  port: 3306  MySQL Community Edition (GPL)
100130  2:55:51 [Note] \usr\local\mysql\bin\mysqld-opt.exe: Normal shutdown

100130  2:55:51 [Note] \usr\local\mysql\bin\mysqld-opt.exe: Shutdown complete

100130  2:59:18 [Note] \usr\local\mysql\bin\mysqld-opt.exe: ready for connections.
Version: '5.0.67-community-nt'  socket: ''  port: 3306  MySQL Community Edition (GPL)
100130  3:02:32 [Note] \usr\local\mysql\bin\mysqld-opt.exe: Normal shutdown

100130  3:02:32 [Note] \usr\local\mysql\bin\mysqld-opt.exe: Shutdown complete

100130  3:04:41 [Note] \usr\local\mysql\bin\mysqld-opt.exe: ready for connections.
Version: '5.0.67-community-nt'  socket: ''  port: 3306  MySQL Community Edition (GPL)
100130  3:26:58 [Note] \usr\local\mysql\bin\mysqld-opt.exe: Normal shutdown

100130  3:26:58 [Note] \usr\local\mysql\bin\mysqld-opt.exe: Shutdown complete

100130  3:48:26 [Note] \usr\local\mysql\bin\mysqld-opt.exe: ready for connections.
Version: '5.0.67-community-nt'  socket: ''  port: 3306  MySQL Community Edition (GPL)
100130  3:50:55 [Note] \usr\local\mysql\bin\mysqld-opt.exe: Normal shutdown

100130  3:50:55 [Note] \usr\local\mysql\bin\mysqld-opt.exe: Shutdown complete

100130  3:51:37 [Note] \usr\local\mysql\bin\mysqld-opt.exe: ready for connections.
Version: '5.0.67-community-nt'  socket: ''  port: 3306  MySQL Community Edition (GPL)
100130  3:57:32 [Note] \usr\local\mysql\bin\mysqld-opt.exe: Normal shutdown

100130  3:57:32 [Note] \usr\local\mysql\bin\mysqld-opt.exe: Shutdown complete

100130  4:08:00 [Note] \usr\local\mysql\bin\mysqld-opt.exe: ready for connections.
Version: '5.0.67-community-nt'  socket: ''  port: 3306  MySQL Community Edition (GPL)
100130  4:08:24 [Note] \usr\local\mysql\bin\mysqld-opt.exe: Normal shutdown

100130  4:08:24 [Note] \usr\local\mysql\bin\mysqld-opt.exe: Shutdown complete

100130  4:08:30 [Note] \usr\local\mysql\bin\mysqld-opt.exe: ready for connections.
Version: '5.0.67-community-nt'  socket: ''  port: 3306  MySQL Community Edition (GPL)
100130  4:08:50 [Note] \usr\local\mysql\bin\mysqld-opt.exe: Normal shutdown

100130  4:08:50 [Note] \usr\local\mysql\bin\mysqld-opt.exe: Shutdown complete

100130  4:08:56 [Note] \usr\local\mysql\bin\mysqld-opt.exe: ready for connections.
Version: '5.0.67-community-nt'  socket: ''  port: 3306  MySQL Community Edition (GPL)
100130  4:11:15 [Note] \usr\local\mysql\bin\mysqld-opt.exe: Normal shutdown

100130  4:11:15 [Note] \usr\local\mysql\bin\mysqld-opt.exe: Shutdown complete

100130  5:13:28 [Note] \usr\local\mysql\bin\mysqld-opt.exe: ready for connections.
Version: '5.0.67-community-nt'  socket: ''  port: 3306  MySQL Community Edition (GPL)
100130  5:15:56 [Note] \usr\local\mysql\bin\mysqld-opt.exe: Normal shutdown

100130  5:15:56 [Note] \usr\local\mysql\bin\mysqld-opt.exe: Shutdown complete

100130  5:16:48 [Note] \usr\local\mysql\bin\mysqld-opt.exe: ready for connections.
Version: '5.0.67-community-nt'  socket: ''  port: 3306  MySQL Community Edition (GPL)
100130  5:17:34 [Note] \usr\local\mysql\bin\mysqld-opt.exe: Normal shutdown

100130  5:17:34 [Note] \usr\local\mysql\bin\mysqld-opt.exe: Shutdown complete

100130  5:23:00 [Note] \usr\local\mysql\bin\mysqld-opt.exe: ready for connections.
Version: '5.0.67-community-nt'  socket: ''  port: 3306  MySQL Community Edition (GPL)
100131  2:17:06 [Note] \usr\local\mysql\bin\mysqld-opt.exe: ready for connections.
Version: '5.0.67-community-nt'  socket: ''  port: 3306  MySQL Community Edition (GPL)
100131  2:23:12 [Note] \usr\local\mysql\bin\mysqld-opt.exe: Normal shutdown

100131  2:23:12 [Note] \usr\local\mysql\bin\mysqld-opt.exe: Shutdown complete

100131  2:23:12 [Note] \usr\local\mysql\bin\mysqld-opt.exe: ready for connections.
Version: '5.0.67-community-nt'  socket: ''  port: 3306  MySQL Community Edition (GPL)
100131  2:25:08 [Note] \usr\local\mysql\bin\mysqld-opt.exe: Normal shutdown

100131  2:25:08 [Note] \usr\local\mysql\bin\mysqld-opt.exe: Shutdown complete

100131  2:25:08 [Note] \usr\local\mysql\bin\mysqld-opt.exe: ready for connections.
Version: '5.0.67-community-nt'  socket: ''  port: 3306  MySQL Community Edition (GPL)
100131  2:26:05 [Note] \usr\local\mysql\bin\mysqld-opt.exe: Normal shutdown

100131  2:26:05 [Note] \usr\local\mysql\bin\mysqld-opt.exe: Shutdown complete

100131  2:26:52 [Note] \usr\local\mysql\bin\mysqld-opt.exe: ready for connections.
Version: '5.0.67-community-nt'  socket: ''  port: 3306  MySQL Community Edition (GPL)
100131  2:34:30 [Note] \usr\local\mysql\bin\mysqld-opt.exe: Normal shutdown

100131  2:34:30 [Note] \usr\local\mysql\bin\mysqld-opt.exe: Shutdown complete

100131  2:34:31 [Note] \usr\local\mysql\bin\mysqld-opt.exe: ready for connections.
Version: '5.0.67-community-nt'  socket: ''  port: 3306  MySQL Community Edition (GPL)
100131  2:35:04 [Note] \usr\local\mysql\bin\mysqld-opt.exe: Normal shutdown

100131  2:35:04 [Note] \usr\local\mysql\bin\mysqld-opt.exe: Shutdown complete

100131  2:35:08 [Note] \usr\local\mysql\bin\mysqld-opt.exe: ready for connections.
Version: '5.0.67-community-nt'  socket: ''  port: 3306  MySQL Community Edition (GPL)
100131  2:46:05 [Note] \usr\local\mysql\bin\mysqld-opt.exe: Normal shutdown

100131  2:46:05 [Note] \usr\local\mysql\bin\mysqld-opt.exe: Shutdown complete

100131  3:49:22 [Note] \usr\local\mysql\bin\mysqld-opt.exe: ready for connections.
Version: '5.0.67-community-nt'  socket: ''  port: 3306  MySQL Community Edition (GPL)
100131 13:17:53 [Note] \usr\local\mysql\bin\mysqld-opt.exe: Normal shutdown

100131 13:17:53 [Note] \usr\local\mysql\bin\mysqld-opt.exe: Shutdown complete

100131 21:02:22 [Note] \usr\local\mysql\bin\mysqld-opt.exe: ready for connections.
Version: '5.0.67-community-nt'  socket: ''  port: 3306  MySQL Community Edition (GPL)
100131 21:16:14 [Note] \usr\local\mysql\bin\mysqld-opt.exe: Normal shutdown

100131 21:16:14 [Note] \usr\local\mysql\bin\mysqld-opt.exe: Shutdown complete

100131 21:19:25 [Note] \usr\local\mysql\bin\mysqld-opt.exe: ready for connections.
Version: '5.0.67-community-nt'  socket: ''  port: 3306  MySQL Community Edition (GPL)
100131 21:21:42 [Note] \usr\local\mysql\bin\mysqld-opt.exe: Normal shutdown

100131 21:21:42 [Note] \usr\local\mysql\bin\mysqld-opt.exe: Shutdown complete

100131 21:21:43 [Note] \usr\local\mysql\bin\mysqld-opt.exe: ready for connections.
Version: '5.0.67-community-nt'  socket: ''  port: 3306  MySQL Community Edition (GPL)
100131 21:22:41 [Note] \usr\local\mysql\bin\mysqld-opt.exe: Normal shutdown

100131 21:22:41 [Note] \usr\local\mysql\bin\mysqld-opt.exe: Shutdown complete

100131 21:23:10 [Note] \usr\local\mysql\bin\mysqld-opt.exe: ready for connections.
Version: '5.0.67-community-nt'  socket: ''  port: 3306  MySQL Community Edition (GPL)
100131 21:43:16 [Note] \usr\local\mysql\bin\mysqld-opt.exe: Normal shutdown

100131 21:43:16 [Note] \usr\local\mysql\bin\mysqld-opt.exe: Shutdown complete

100131 22:21:07 [Note] \usr\local\mysql\bin\mysqld-opt.exe: ready for connections.
Version: '5.0.67-community-nt'  socket: ''  port: 3306  MySQL Community Edition (GPL)
100131 22:24:50 [Note] \usr\local\mysql\bin\mysqld-opt.exe: Normal shutdown

100131 22:24:50 [Note] \usr\local\mysql\bin\mysqld-opt.exe: Shutdown complete

100131 22:24:50 [Note] \usr\local\mysql\bin\mysqld-opt.exe: ready for connections.
Version: '5.0.67-community-nt'  socket: ''  port: 3306  MySQL Community Edition (GPL)
100131 22:31:05 [Note] \usr\local\mysql\bin\mysqld-opt.exe: Normal shutdown

100131 22:31:05 [Note] \usr\local\mysql\bin\mysqld-opt.exe: Shutdown complete

100131 22:31:06 [Note] \usr\local\mysql\bin\mysqld-opt.exe: ready for connections.
Version: '5.0.67-community-nt'  socket: ''  port: 3306  MySQL Community Edition (GPL)
100131 22:49:29 [Note] \usr\local\mysql\bin\mysqld-opt.exe: Normal shutdown

100131 22:49:29 [Note] \usr\local\mysql\bin\mysqld-opt.exe: Shutdown complete

100131 22:49:31 [Note] \usr\local\mysql\bin\mysqld-opt.exe: ready for connections.
Version: '5.0.67-community-nt'  socket: ''  port: 3306  MySQL Community Edition (GPL)
100131 23:10:39 [Note] \usr\local\mysql\bin\mysqld-opt.exe: Normal shutdown

100131 23:10:39 [Note] \usr\local\mysql\bin\mysqld-opt.exe: Shutdown complete

100201  0:44:24 [Note] \usr\local\mysql\bin\mysqld-opt.exe: ready for connections.
Version: '5.0.67-community-nt'  socket: ''  port: 3306  MySQL Community Edition (GPL)
100201  0:49:14 [Note] \usr\local\mysql\bin\mysqld-opt.exe: Normal shutdown

100201  0:49:14 [Note] \usr\local\mysql\bin\mysqld-opt.exe: Shutdown complete

100201  0:49:19 [Note] \usr\local\mysql\bin\mysqld-opt.exe: ready for connections.
Version: '5.0.67-community-nt'  socket: ''  port: 3306  MySQL Community Edition (GPL)
100201  0:51:22 [Note] \usr\local\mysql\bin\mysqld-opt.exe: Normal shutdown

100201  0:51:22 [Note] \usr\local\mysql\bin\mysqld-opt.exe: Shutdown complete

100201  0:55:09 [Note] \usr\local\mysql\bin\mysqld-opt.exe: ready for connections.
Version: '5.0.67-community-nt'  socket: ''  port: 3306  MySQL Community Edition (GPL)
100201  1:10:06 [Note] \usr\local\mysql\bin\mysqld-opt.exe: Normal shutdown

100201  1:10:06 [Note] \usr\local\mysql\bin\mysqld-opt.exe: Shutdown complete

100201  1:12:54 [Note] \usr\local\mysql\bin\mysqld-opt.exe: ready for connections.
Version: '5.0.67-community-nt'  socket: ''  port: 3306  MySQL Community Edition (GPL)
100201  1:13:19 [Note] \usr\local\mysql\bin\mysqld-opt.exe: Normal shutdown

100201  1:13:19 [Note] \usr\local\mysql\bin\mysqld-opt.exe: Shutdown complete

100201  1:13:21 [Note] \usr\local\mysql\bin\mysqld-opt.exe: ready for connections.
Version: '5.0.67-community-nt'  socket: ''  port: 3306  MySQL Community Edition (GPL)
100201  1:23:09 [Note] \usr\local\mysql\bin\mysqld-opt.exe: Normal shutdown

100201  1:23:09 [Note] \usr\local\mysql\bin\mysqld-opt.exe: Shutdown complete

100205 11:29:52 [Note] \usr\local\mysql\bin\mysqld-opt.exe: ready for connections.
Version: '5.0.67-community-nt'  socket: ''  port: 3306  MySQL Community Edition (GPL)
100205 11:44:10 [Note] \usr\local\mysql\bin\mysqld-opt.exe: Normal shutdown

100205 11:44:10 [Note] \usr\local\mysql\bin\mysqld-opt.exe: Shutdown complete

100207  4:14:54 [Note] \usr\local\mysql\bin\mysqld-opt.exe: ready for connections.
Version: '5.0.67-community-nt'  socket: ''  port: 3306  MySQL Community Edition (GPL)
100207  5:43:53 [Note] \usr\local\mysql\bin\mysqld-opt.exe: Normal shutdown

100207  5:43:53 [Note] \usr\local\mysql\bin\mysqld-opt.exe: Shutdown complete

100207 15:02:27 [Note] \usr\local\mysql\bin\mysqld-opt.exe: ready for connections.
Version: '5.0.67-community-nt'  socket: ''  port: 3306  MySQL Community Edition (GPL)
100207 15:04:16 [Note] \usr\local\mysql\bin\mysqld-opt.exe: Normal shutdown

100207 15:04:16 [Note] \usr\local\mysql\bin\mysqld-opt.exe: Shutdown complete

100207 15:05:01 [Note] \usr\local\mysql\bin\mysqld-opt.exe: ready for connections.
Version: '5.0.67-community-nt'  socket: ''  port: 3306  MySQL Community Edition (GPL)
100207 15:05:38 [Note] \usr\local\mysql\bin\mysqld-opt.exe: Normal shutdown

100207 15:05:38 [Note] \usr\local\mysql\bin\mysqld-opt.exe: Shutdown complete

100207 15:08:02 [Note] \usr\local\mysql\bin\mysqld-opt.exe: ready for connections.
Version: '5.0.67-community-nt'  socket: ''  port: 3306  MySQL Community Edition (GPL)
100207 15:36:11 [Note] \usr\local\mysql\bin\mysqld-opt.exe: Normal shutdown

100207 15:36:11 [Note] \usr\local\mysql\bin\mysqld-opt.exe: Shutdown complete

100207 15:36:34 [Note] \usr\local\mysql\bin\mysqld-opt.exe: ready for connections.
Version: '5.0.67-community-nt'  socket: ''  port: 3306  MySQL Community Edition (GPL)
100207 15:37:32 [Note] \usr\local\mysql\bin\mysqld-opt.exe: Normal shutdown

100207 15:37:32 [Note] \usr\local\mysql\bin\mysqld-opt.exe: Shutdown complete

100207 15:40:01 [Note] \usr\local\mysql\bin\mysqld-opt.exe: ready for connections.
Version: '5.0.67-community-nt'  socket: ''  port: 3306  MySQL Community Edition (GPL)
100207 15:42:52 [Note] \usr\local\mysql\bin\mysqld-opt.exe: Normal shutdown

100207 15:42:52 [Note] \usr\local\mysql\bin\mysqld-opt.exe: Shutdown complete

100207 15:42:52 [Note] \usr\local\mysql\bin\mysqld-opt.exe: ready for connections.
Version: '5.0.67-community-nt'  socket: ''  port: 3306  MySQL Community Edition (GPL)
100207 16:46:26 [Note] \usr\local\mysql\bin\mysqld-opt.exe: Normal shutdown

100207 16:46:26 [Note] \usr\local\mysql\bin\mysqld-opt.exe: Shutdown complete

100207 16:46:26 [Note] \usr\local\mysql\bin\mysqld-opt.exe: ready for connections.
Version: '5.0.67-community-nt'  socket: ''  port: 3306  MySQL Community Edition (GPL)
100207 17:08:03 [Note] \usr\local\mysql\bin\mysqld-opt.exe: Normal shutdown

100207 17:08:03 [Note] \usr\local\mysql\bin\mysqld-opt.exe: Shutdown complete

100207 17:08:09 [Note] \usr\local\mysql\bin\mysqld-opt.exe: ready for connections.
Version: '5.0.67-community-nt'  socket: ''  port: 3306  MySQL Community Edition (GPL)
100207 17:30:13 [Note] \usr\local\mysql\bin\mysqld-opt.exe: Normal shutdown

100207 17:30:13 [Note] \usr\local\mysql\bin\mysqld-opt.exe: Shutdown complete

100207 17:30:14 [Note] \usr\local\mysql\bin\mysqld-opt.exe: ready for connections.
Version: '5.0.67-community-nt'  socket: ''  port: 3306  MySQL Community Edition (GPL)
100207 17:34:23 [Note] \usr\local\mysql\bin\mysqld-opt.exe: Normal shutdown

100207 17:34:23 [Note] \usr\local\mysql\bin\mysqld-opt.exe: Shutdown complete

100207 18:04:34 [Note] \usr\local\mysql\bin\mysqld-opt.exe: ready for connections.
Version: '5.0.67-community-nt'  socket: ''  port: 3306  MySQL Community Edition (GPL)
100207 19:20:06 [Note] \usr\local\mysql\bin\mysqld-opt.exe: Normal shutdown

100207 19:20:06 [Note] \usr\local\mysql\bin\mysqld-opt.exe: Shutdown complete

100207 19:20:06 [Note] \usr\local\mysql\bin\mysqld-opt.exe: ready for connections.
Version: '5.0.67-community-nt'  socket: ''  port: 3306  MySQL Community Edition (GPL)
100207 20:15:25 [Note] \usr\local\mysql\bin\mysqld-opt.exe: Normal shutdown

100207 20:15:25 [Note] \usr\local\mysql\bin\mysqld-opt.exe: Shutdown complete

100207 20:20:43 [Note] \usr\local\mysql\bin\mysqld-opt.exe: ready for connections.
Version: '5.0.67-community-nt'  socket: ''  port: 3306  MySQL Community Edition (GPL)
100207 20:21:56 [Note] \usr\local\mysql\bin\mysqld-opt.exe: Normal shutdown

100207 20:21:56 [Note] \usr\local\mysql\bin\mysqld-opt.exe: Shutdown complete

100207 20:22:36 [Note] \usr\local\mysql\bin\mysqld-opt.exe: ready for connections.
Version: '5.0.67-community-nt'  socket: ''  port: 3306  MySQL Community Edition (GPL)
100207 20:24:10 [Note] \usr\local\mysql\bin\mysqld-opt.exe: Normal shutdown

100207 20:24:10 [Note] \usr\local\mysql\bin\mysqld-opt.exe: Shutdown complete

100207 22:48:03 [Note] \usr\local\mysql\bin\mysqld-opt.exe: ready for connections.
Version: '5.0.67-community-nt'  socket: ''  port: 3306  MySQL Community Edition (GPL)
100207 23:49:30 [Note] \usr\local\mysql\bin\mysqld-opt.exe: Normal shutdown

100207 23:49:30 [Note] \usr\local\mysql\bin\mysqld-opt.exe: Shutdown complete

100208  1:08:19 [Note] \usr\local\mysql\bin\mysqld-opt.exe: ready for connections.
Version: '5.0.67-community-nt'  socket: ''  port: 3306  MySQL Community Edition (GPL)
100208  1:10:49 [Note] \usr\local\mysql\bin\mysqld-opt.exe: Normal shutdown

100208  1:10:49 [Note] \usr\local\mysql\bin\mysqld-opt.exe: Shutdown complete

100208 17:39:17 [Note] \usr\local\mysql\bin\mysqld-opt.exe: ready for connections.
Version: '5.0.67-community-nt'  socket: ''  port: 3306  MySQL Community Edition (GPL)
100208 17:59:45 [Note] \usr\local\mysql\bin\mysqld-opt.exe: Normal shutdown

100208 17:59:45 [Note] \usr\local\mysql\bin\mysqld-opt.exe: Shutdown complete

100208 17:59:45 [Note] \usr\local\mysql\bin\mysqld-opt.exe: ready for connections.
Version: '5.0.67-community-nt'  socket: ''  port: 3306  MySQL Community Edition (GPL)
100208 18:02:49 [Note] \usr\local\mysql\bin\mysqld-opt.exe: Normal shutdown

100208 18:02:49 [Note] \usr\local\mysql\bin\mysqld-opt.exe: Shutdown complete

100208 18:15:39 [Note] \usr\local\mysql\bin\mysqld-opt.exe: ready for connections.
Version: '5.0.67-community-nt'  socket: ''  port: 3306  MySQL Community Edition (GPL)
100208 18:47:27 [Note] \usr\local\mysql\bin\mysqld-opt.exe: Normal shutdown

100208 18:47:27 [Note] \usr\local\mysql\bin\mysqld-opt.exe: Shutdown complete

100208 23:38:44 [Note] \usr\local\mysql\bin\mysqld-opt.exe: ready for connections.
Version: '5.0.67-community-nt'  socket: ''  port: 3306  MySQL Community Edition (GPL)
100209  1:24:02 [Note] \usr\local\mysql\bin\mysqld-opt.exe: Normal shutdown

100209  1:24:02 [Note] \usr\local\mysql\bin\mysqld-opt.exe: Shutdown complete

100209  2:19:30 [Note] \usr\local\mysql\bin\mysqld-opt.exe: ready for connections.
Version: '5.0.67-community-nt'  socket: ''  port: 3306  MySQL Community Edition (GPL)
100209  2:34:50 [Note] \usr\local\mysql\bin\mysqld-opt.exe: Normal shutdown

100209  2:34:50 [Note] \usr\local\mysql\bin\mysqld-opt.exe: Shutdown complete

100209  3:43:04 [Note] \usr\local\mysql\bin\mysqld-opt.exe: ready for connections.
Version: '5.0.67-community-nt'  socket: ''  port: 3306  MySQL Community Edition (GPL)
100212 23:40:58 [Note] \usr\local\mysql\bin\mysqld-opt.exe: ready for connections.
Version: '5.0.67-community-nt'  socket: ''  port: 3306  MySQL Community Edition (GPL)
100212 23:46:44 [Note] \usr\local\mysql\bin\mysqld-opt.exe: Normal shutdown

100212 23:46:44 [Note] \usr\local\mysql\bin\mysqld-opt.exe: Shutdown complete

100212 23:46:44 [Note] \usr\local\mysql\bin\mysqld-opt.exe: ready for connections.
Version: '5.0.67-community-nt'  socket: ''  port: 3306  MySQL Community Edition (GPL)
100212 23:51:16 [Note] \usr\local\mysql\bin\mysqld-opt.exe: Normal shutdown

100212 23:51:16 [Note] \usr\local\mysql\bin\mysqld-opt.exe: Shutdown complete

100213  0:05:52 [Note] \usr\local\mysql\bin\mysqld-opt.exe: ready for connections.
Version: '5.0.67-community-nt'  socket: ''  port: 3306  MySQL Community Edition (GPL)
100213  0:06:58 [Note] \usr\local\mysql\bin\mysqld-opt.exe: Normal shutdown

100213  0:06:58 [Note] \usr\local\mysql\bin\mysqld-opt.exe: Shutdown complete

100213  0:07:10 [Note] \usr\local\mysql\bin\mysqld-opt.exe: ready for connections.
Version: '5.0.67-community-nt'  socket: ''  port: 3306  MySQL Community Edition (GPL)
100213  0:15:55 [Note] \usr\local\mysql\bin\mysqld-opt.exe: Normal shutdown

100213  0:15:55 [Note] \usr\local\mysql\bin\mysqld-opt.exe: Shutdown complete

100213  0:40:39 [Note] \usr\local\mysql\bin\mysqld-opt.exe: ready for connections.
Version: '5.0.67-community-nt'  socket: ''  port: 3306  MySQL Community Edition (GPL)
100213  0:47:54 [Note] \usr\local\mysql\bin\mysqld-opt.exe: Normal shutdown

100213  0:47:54 [Note] \usr\local\mysql\bin\mysqld-opt.exe: Shutdown complete

100213  1:58:30 [Note] \usr\local\mysql\bin\mysqld-opt.exe: ready for connections.
Version: '5.0.67-community-nt'  socket: ''  port: 3306  MySQL Community Edition (GPL)
100213  1:58:58 [Note] \usr\local\mysql\bin\mysqld-opt.exe: Normal shutdown

100213  1:58:58 [Note] \usr\local\mysql\bin\mysqld-opt.exe: Shutdown complete

100213  1:59:41 [Note] \usr\local\mysql\bin\mysqld-opt.exe: ready for connections.
Version: '5.0.67-community-nt'  socket: ''  port: 3306  MySQL Community Edition (GPL)
100213  2:00:31 [Note] \usr\local\mysql\bin\mysqld-opt.exe: Normal shutdown

100213  2:00:31 [Note] \usr\local\mysql\bin\mysqld-opt.exe: Shutdown complete

100213  2:01:12 [Note] \usr\local\mysql\bin\mysqld-opt.exe: ready for connections.
Version: '5.0.67-community-nt'  socket: ''  port: 3306  MySQL Community Edition (GPL)
100213  2:01:58 [Note] \usr\local\mysql\bin\mysqld-opt.exe: Normal shutdown

100213  2:01:58 [Note] \usr\local\mysql\bin\mysqld-opt.exe: Shutdown complete

100213  2:02:22 [Note] \usr\local\mysql\bin\mysqld-opt.exe: ready for connections.
Version: '5.0.67-community-nt'  socket: ''  port: 3306  MySQL Community Edition (GPL)
100213  2:07:27 [Note] \usr\local\mysql\bin\mysqld-opt.exe: Normal shutdown

100213  2:07:27 [Note] \usr\local\mysql\bin\mysqld-opt.exe: Shutdown complete

100213  2:15:14 [Note] \usr\local\mysql\bin\mysqld-opt.exe: ready for connections.
Version: '5.0.67-community-nt'  socket: ''  port: 3306  MySQL Community Edition (GPL)
100213  2:22:02 [Note] \usr\local\mysql\bin\mysqld-opt.exe: Normal shutdown

100213  2:22:02 [Note] \usr\local\mysql\bin\mysqld-opt.exe: Shutdown complete

100213  2:22:03 [Note] \usr\local\mysql\bin\mysqld-opt.exe: ready for connections.
Version: '5.0.67-community-nt'  socket: ''  port: 3306  MySQL Community Edition (GPL)
100213  2:46:28 [Note] \usr\local\mysql\bin\mysqld-opt.exe: Normal shutdown

100213  2:46:28 [Note] \usr\local\mysql\bin\mysqld-opt.exe: Shutdown complete

100213  2:46:28 [Note] \usr\local\mysql\bin\mysqld-opt.exe: ready for connections.
Version: '5.0.67-community-nt'  socket: ''  port: 3306  MySQL Community Edition (GPL)
100213  3:07:32 [Note] \usr\local\mysql\bin\mysqld-opt.exe: Normal shutdown

100213  3:07:32 [Note] \usr\local\mysql\bin\mysqld-opt.exe: Shutdown complete

100213  3:07:32 [Note] \usr\local\mysql\bin\mysqld-opt.exe: ready for connections.
Version: '5.0.67-community-nt'  socket: ''  port: 3306  MySQL Community Edition (GPL)
100213  3:18:00 [Note] \usr\local\mysql\bin\mysqld-opt.exe: Normal shutdown

100213  3:18:00 [Note] \usr\local\mysql\bin\mysqld-opt.exe: Shutdown complete

100213  3:18:04 [Note] \usr\local\mysql\bin\mysqld-opt.exe: ready for connections.
Version: '5.0.67-community-nt'  socket: ''  port: 3306  MySQL Community Edition (GPL)
100213  3:22:33 [Note] \usr\local\mysql\bin\mysqld-opt.exe: Normal shutdown

100213  3:22:33 [Note] \usr\local\mysql\bin\mysqld-opt.exe: Shutdown complete

100213  3:31:43 [Note] \usr\local\mysql\bin\mysqld-opt.exe: ready for connections.
Version: '5.0.67-community-nt'  socket: ''  port: 3306  MySQL Community Edition (GPL)
100213  3:36:21 [Note] \usr\local\mysql\bin\mysqld-opt.exe: Normal shutdown

100213  3:36:21 [Note] \usr\local\mysql\bin\mysqld-opt.exe: Shutdown complete

100213  3:36:22 [Note] \usr\local\mysql\bin\mysqld-opt.exe: ready for connections.
Version: '5.0.67-community-nt'  socket: ''  port: 3306  MySQL Community Edition (GPL)
100213  3:38:17 [Note] \usr\local\mysql\bin\mysqld-opt.exe: Normal shutdown

100213  3:38:17 [Note] \usr\local\mysql\bin\mysqld-opt.exe: Shutdown complete

100213  3:38:17 [Note] \usr\local\mysql\bin\mysqld-opt.exe: ready for connections.
Version: '5.0.67-community-nt'  socket: ''  port: 3306  MySQL Community Edition (GPL)
100213  3:40:58 [Note] \usr\local\mysql\bin\mysqld-opt.exe: Normal shutdown

100213  3:40:58 [Note] \usr\local\mysql\bin\mysqld-opt.exe: Shutdown complete

100213  3:40:58 [Note] \usr\local\mysql\bin\mysqld-opt.exe: ready for connections.
Version: '5.0.67-community-nt'  socket: ''  port: 3306  MySQL Community Edition (GPL)
100213  3:44:21 [Note] \usr\local\mysql\bin\mysqld-opt.exe: Normal shutdown

100213  3:44:21 [Note] \usr\local\mysql\bin\mysqld-opt.exe: Shutdown complete

100213  3:44:44 [Note] \usr\local\mysql\bin\mysqld-opt.exe: ready for connections.
Version: '5.0.67-community-nt'  socket: ''  port: 3306  MySQL Community Edition (GPL)
100213  3:45:32 [Note] \usr\local\mysql\bin\mysqld-opt.exe: Normal shutdown

100213  3:45:32 [Note] \usr\local\mysql\bin\mysqld-opt.exe: Shutdown complete

100214 12:40:45 [Note] \usr\local\mysql\bin\mysqld-opt.exe: ready for connections.
Version: '5.0.67-community-nt'  socket: ''  port: 3306  MySQL Community Edition (GPL)
100214 13:24:53 [Note] \usr\local\mysql\bin\mysqld-opt.exe: Normal shutdown

100214 13:24:53 [Note] \usr\local\mysql\bin\mysqld-opt.exe: Shutdown complete

100214 23:33:59 [Note] \usr\local\mysql\bin\mysqld-opt.exe: ready for connections.
Version: '5.0.67-community-nt'  socket: ''  port: 3306  MySQL Community Edition (GPL)
100214 23:41:26 [Note] \usr\local\mysql\bin\mysqld-opt.exe: Normal shutdown

100214 23:41:26 [Note] \usr\local\mysql\bin\mysqld-opt.exe: Shutdown complete

100214 23:58:47 [Note] \usr\local\mysql\bin\mysqld-opt.exe: ready for connections.
Version: '5.0.67-community-nt'  socket: ''  port: 3306  MySQL Community Edition (GPL)
100215  1:11:08 [Note] \usr\local\mysql\bin\mysqld-opt.exe: Normal shutdown

100215  1:11:08 [Note] \usr\local\mysql\bin\mysqld-opt.exe: Shutdown complete

100215 15:22:28 [Note] \usr\local\mysql\bin\mysqld-opt.exe: ready for connections.
Version: '5.0.67-community-nt'  socket: ''  port: 3306  MySQL Community Edition (GPL)
100215 15:34:13 [Note] \usr\local\mysql\bin\mysqld-opt.exe: Normal shutdown

100215 15:34:13 [Note] \usr\local\mysql\bin\mysqld-opt.exe: Shutdown complete

100215 15:34:18 [Note] \usr\local\mysql\bin\mysqld-opt.exe: ready for connections.
Version: '5.0.67-community-nt'  socket: ''  port: 3306  MySQL Community Edition (GPL)
100215 15:34:50 [Note] \usr\local\mysql\bin\mysqld-opt.exe: Normal shutdown

100215 15:34:50 [Note] \usr\local\mysql\bin\mysqld-opt.exe: Shutdown complete

100215 15:34:55 [Note] \usr\local\mysql\bin\mysqld-opt.exe: ready for connections.
Version: '5.0.67-community-nt'  socket: ''  port: 3306  MySQL Community Edition (GPL)
100215 15:38:05 [Note] \usr\local\mysql\bin\mysqld-opt.exe: Normal shutdown

100215 15:38:05 [Note] \usr\local\mysql\bin\mysqld-opt.exe: Shutdown complete

100215 15:38:53 [Note] \usr\local\mysql\bin\mysqld-opt.exe: ready for connections.
Version: '5.0.67-community-nt'  socket: ''  port: 3306  MySQL Community Edition (GPL)
100215 16:01:52 [Note] \usr\local\mysql\bin\mysqld-opt.exe: Normal shutdown

100215 16:01:52 [Note] \usr\local\mysql\bin\mysqld-opt.exe: Shutdown complete

100216  0:44:44 [Note] \usr\local\mysql\bin\mysqld-opt.exe: ready for connections.
Version: '5.0.67-community-nt'  socket: ''  port: 3306  MySQL Community Edition (GPL)
100216  0:54:28 [Note] \usr\local\mysql\bin\mysqld-opt.exe: Normal shutdown

100216  0:54:28 [Note] \usr\local\mysql\bin\mysqld-opt.exe: Shutdown complete

100216  0:56:31 [Note] \usr\local\mysql\bin\mysqld-opt.exe: ready for connections.
Version: '5.0.67-community-nt'  socket: ''  port: 3306  MySQL Community Edition (GPL)
100216  1:06:51 [Note] \usr\local\mysql\bin\mysqld-opt.exe: Normal shutdown

100216  1:06:51 [Note] \usr\local\mysql\bin\mysqld-opt.exe: Shutdown complete

100216  1:06:54 [Note] \usr\local\mysql\bin\mysqld-opt.exe: ready for connections.
Version: '5.0.67-community-nt'  socket: ''  port: 3306  MySQL Community Edition (GPL)
100216  1:14:27 [Note] \usr\local\mysql\bin\mysqld-opt.exe: Normal shutdown

100216  1:14:27 [Note] \usr\local\mysql\bin\mysqld-opt.exe: Shutdown complete

100216  1:14:28 [Note] \usr\local\mysql\bin\mysqld-opt.exe: ready for connections.
Version: '5.0.67-community-nt'  socket: ''  port: 3306  MySQL Community Edition (GPL)
100216  1:38:14 [Note] \usr\local\mysql\bin\mysqld-opt.exe: Normal shutdown

100216  1:38:14 [Note] \usr\local\mysql\bin\mysqld-opt.exe: Shutdown complete

100216  1:39:49 [Note] \usr\local\mysql\bin\mysqld-opt.exe: ready for connections.
Version: '5.0.67-community-nt'  socket: ''  port: 3306  MySQL Community Edition (GPL)
100216  1:40:19 [Note] \usr\local\mysql\bin\mysqld-opt.exe: Normal shutdown

100216  1:40:19 [Note] \usr\local\mysql\bin\mysqld-opt.exe: Shutdown complete

100216  1:40:19 [Note] \usr\local\mysql\bin\mysqld-opt.exe: ready for connections.
Version: '5.0.67-community-nt'  socket: ''  port: 3306  MySQL Community Edition (GPL)
100216  2:23:24 [Note] \usr\local\mysql\bin\mysqld-opt.exe: Normal shutdown

100216  2:23:24 [Note] \usr\local\mysql\bin\mysqld-opt.exe: Shutdown complete

100216  3:44:04 [Note] \usr\local\mysql\bin\mysqld-opt.exe: ready for connections.
Version: '5.0.67-community-nt'  socket: ''  port: 3306  MySQL Community Edition (GPL)
100216  3:45:39 [Note] \usr\local\mysql\bin\mysqld-opt.exe: Normal shutdown

100216  3:45:39 [Note] \usr\local\mysql\bin\mysqld-opt.exe: Shutdown complete

100216  3:45:40 [Note] \usr\local\mysql\bin\mysqld-opt.exe: ready for connections.
Version: '5.0.67-community-nt'  socket: ''  port: 3306  MySQL Community Edition (GPL)
100216  4:08:20 [Note] \usr\local\mysql\bin\mysqld-opt.exe: Normal shutdown

100216  4:08:20 [Note] \usr\local\mysql\bin\mysqld-opt.exe: Shutdown complete

100216  4:08:20 [Note] \usr\local\mysql\bin\mysqld-opt.exe: ready for connections.
Version: '5.0.67-community-nt'  socket: ''  port: 3306  MySQL Community Edition (GPL)
100216  4:54:42 [Note] \usr\local\mysql\bin\mysqld-opt.exe: Normal shutdown

100216  4:54:42 [Note] \usr\local\mysql\bin\mysqld-opt.exe: Shutdown complete

100216  4:54:43 [Note] \usr\local\mysql\bin\mysqld-opt.exe: ready for connections.
Version: '5.0.67-community-nt'  socket: ''  port: 3306  MySQL Community Edition (GPL)
100216  5:04:08 [Note] \usr\local\mysql\bin\mysqld-opt.exe: Normal shutdown

100216  5:04:08 [Note] \usr\local\mysql\bin\mysqld-opt.exe: Shutdown complete

100216  5:04:08 [Note] \usr\local\mysql\bin\mysqld-opt.exe: ready for connections.
Version: '5.0.67-community-nt'  socket: ''  port: 3306  MySQL Community Edition (GPL)
100216  5:20:51 [Note] \usr\local\mysql\bin\mysqld-opt.exe: Normal shutdown

100216  5:20:51 [Note] \usr\local\mysql\bin\mysqld-opt.exe: Shutdown complete

100216 17:31:30 [Note] \usr\local\mysql\bin\mysqld-opt.exe: ready for connections.
Version: '5.0.67-community-nt'  socket: ''  port: 3306  MySQL Community Edition (GPL)
100216 17:31:32 [Note] \usr\local\mysql\bin\mysqld-opt.exe: Normal shutdown

100216 17:31:32 [Note] \usr\local\mysql\bin\mysqld-opt.exe: Shutdown complete

100216 17:31:33 [Note] \usr\local\mysql\bin\mysqld-opt.exe: ready for connections.
Version: '5.0.67-community-nt'  socket: ''  port: 3306  MySQL Community Edition (GPL)
100216 17:32:54 [Note] \usr\local\mysql\bin\mysqld-opt.exe: Normal shutdown

100216 17:32:54 [Note] \usr\local\mysql\bin\mysqld-opt.exe: Shutdown complete

100216 17:32:54 [Note] \usr\local\mysql\bin\mysqld-opt.exe: ready for connections.
Version: '5.0.67-community-nt'  socket: ''  port: 3306  MySQL Community Edition (GPL)
100216 17:56:57 [Note] \usr\local\mysql\bin\mysqld-opt.exe: Normal shutdown

100216 17:56:57 [Note] \usr\local\mysql\bin\mysqld-opt.exe: Shutdown complete

100216 17:57:00 [Note] \usr\local\mysql\bin\mysqld-opt.exe: ready for connections.
Version: '5.0.67-community-nt'  socket: ''  port: 3306  MySQL Community Edition (GPL)
100217  0:32:33 [Note] \usr\local\mysql\bin\mysqld-opt.exe: ready for connections.
Version: '5.0.67-community-nt'  socket: ''  port: 3306  MySQL Community Edition (GPL)
100217  0:35:51 [Note] \usr\local\mysql\bin\mysqld-opt.exe: Normal shutdown

100217  0:35:51 [Note] \usr\local\mysql\bin\mysqld-opt.exe: Shutdown complete

100217  0:35:52 [Note] \usr\local\mysql\bin\mysqld-opt.exe: ready for connections.
Version: '5.0.67-community-nt'  socket: ''  port: 3306  MySQL Community Edition (GPL)
100217  0:56:11 [Note] \usr\local\mysql\bin\mysqld-opt.exe: Normal shutdown

100217  0:56:11 [Note] \usr\local\mysql\bin\mysqld-opt.exe: Shutdown complete

100217  0:56:11 [Note] \usr\local\mysql\bin\mysqld-opt.exe: ready for connections.
Version: '5.0.67-community-nt'  socket: ''  port: 3306  MySQL Community Edition (GPL)
100218  1:07:04 [Note] \usr\local\mysql\bin\mysqld-opt.exe: Normal shutdown

100218  1:07:04 [Note] \usr\local\mysql\bin\mysqld-opt.exe: Shutdown complete

100218  1:10:13 [Note] \usr\local\mysql\bin\mysqld-opt.exe: ready for connections.
Version: '5.0.67-community-nt'  socket: ''  port: 3306  MySQL Community Edition (GPL)
100218  1:17:20 [Note] \usr\local\mysql\bin\mysqld-opt.exe: Normal shutdown

100218  1:17:20 [Note] \usr\local\mysql\bin\mysqld-opt.exe: Shutdown complete

100218  1:17:20 [Note] \usr\local\mysql\bin\mysqld-opt.exe: ready for connections.
Version: '5.0.67-community-nt'  socket: ''  port: 3306  MySQL Community Edition (GPL)
100218  1:22:30 [Note] \usr\local\mysql\bin\mysqld-opt.exe: Normal shutdown

100218  1:22:30 [Note] \usr\local\mysql\bin\mysqld-opt.exe: Shutdown complete

100218  1:41:22 [Note] \usr\local\mysql\bin\mysqld-opt.exe: ready for connections.
Version: '5.0.67-community-nt'  socket: ''  port: 3306  MySQL Community Edition (GPL)
100219  0:31:45 [Note] \usr\local\mysql\bin\mysqld-opt.exe: ready for connections.
Version: '5.0.67-community-nt'  socket: ''  port: 3306  MySQL Community Edition (GPL)
100219  1:11:22 [Note] \usr\local\mysql\bin\mysqld-opt.exe: Normal shutdown

100219  1:11:22 [Note] \usr\local\mysql\bin\mysqld-opt.exe: Shutdown complete

100219  1:14:40 [Note] \usr\local\mysql\bin\mysqld-opt.exe: ready for connections.
Version: '5.0.67-community-nt'  socket: ''  port: 3306  MySQL Community Edition (GPL)
100219  1:35:04 [Note] \usr\local\mysql\bin\mysqld-opt.exe: Normal shutdown

100219  1:35:04 [Note] \usr\local\mysql\bin\mysqld-opt.exe: Shutdown complete

100219  1:35:04 [Note] \usr\local\mysql\bin\mysqld-opt.exe: ready for connections.
Version: '5.0.67-community-nt'  socket: ''  port: 3306  MySQL Community Edition (GPL)
100219  2:00:26 [Note] \usr\local\mysql\bin\mysqld-opt.exe: Normal shutdown

100219  2:00:26 [Note] \usr\local\mysql\bin\mysqld-opt.exe: Shutdown complete

100219  2:00:26 [Note] \usr\local\mysql\bin\mysqld-opt.exe: ready for connections.
Version: '5.0.67-community-nt'  socket: ''  port: 3306  MySQL Community Edition (GPL)
100219  2:07:25 [Note] \usr\local\mysql\bin\mysqld-opt.exe: Normal shutdown

100219  2:07:25 [Note] \usr\local\mysql\bin\mysqld-opt.exe: Shutdown complete

100219  2:07:26 [Note] \usr\local\mysql\bin\mysqld-opt.exe: ready for connections.
Version: '5.0.67-community-nt'  socket: ''  port: 3306  MySQL Community Edition (GPL)
100218  2:45:10 [Note] \usr\local\mysql\bin\mysqld-opt.exe: Normal shutdown

100218  2:45:10 [Note] \usr\local\mysql\bin\mysqld-opt.exe: Shutdown complete

100218  2:49:48 [Note] \usr\local\mysql\bin\mysqld-opt.exe: ready for connections.
Version: '5.0.67-community-nt'  socket: ''  port: 3306  MySQL Community Edition (GPL)
100218  2:51:50 [Note] \usr\local\mysql\bin\mysqld-opt.exe: Normal shutdown

100218  2:51:50 [Note] \usr\local\mysql\bin\mysqld-opt.exe: Shutdown complete

100218  2:51:51 [Note] \usr\local\mysql\bin\mysqld-opt.exe: ready for connections.
Version: '5.0.67-community-nt'  socket: ''  port: 3306  MySQL Community Edition (GPL)
100218  2:55:20 [Note] \usr\local\mysql\bin\mysqld-opt.exe: Normal shutdown

100218  2:55:20 [Note] \usr\local\mysql\bin\mysqld-opt.exe: Shutdown complete

100218  2:56:18 [Note] \usr\local\mysql\bin\mysqld-opt.exe: ready for connections.
Version: '5.0.67-community-nt'  socket: ''  port: 3306  MySQL Community Edition (GPL)
100218  3:05:38 [Note] \usr\local\mysql\bin\mysqld-opt.exe: Normal shutdown

100218  3:05:38 [Note] \usr\local\mysql\bin\mysqld-opt.exe: Shutdown complete

100218  3:07:21 [Note] \usr\local\mysql\bin\mysqld-opt.exe: ready for connections.
Version: '5.0.67-community-nt'  socket: ''  port: 3306  MySQL Community Edition (GPL)
100218  3:07:48 [Note] \usr\local\mysql\bin\mysqld-opt.exe: Normal shutdown

100218  3:07:48 [Note] \usr\local\mysql\bin\mysqld-opt.exe: Shutdown complete

100218  3:09:54 [Note] \usr\local\mysql\bin\mysqld-opt.exe: ready for connections.
Version: '5.0.67-community-nt'  socket: ''  port: 3306  MySQL Community Edition (GPL)
100218  3:18:13 [Note] \usr\local\mysql\bin\mysqld-opt.exe: Normal shutdown

100218  3:18:13 [Note] \usr\local\mysql\bin\mysqld-opt.exe: Shutdown complete

100218  3:18:14 [Note] \usr\local\mysql\bin\mysqld-opt.exe: ready for connections.
Version: '5.0.67-community-nt'  socket: ''  port: 3306  MySQL Community Edition (GPL)
100218  3:27:21 [Note] \usr\local\mysql\bin\mysqld-opt.exe: Normal shutdown

100218  3:27:21 [Note] \usr\local\mysql\bin\mysqld-opt.exe: Shutdown complete

100218  3:30:55 [Note] \usr\local\mysql\bin\mysqld-opt.exe: ready for connections.
Version: '5.0.67-community-nt'  socket: ''  port: 3306  MySQL Community Edition (GPL)
100218  3:39:02 [Note] \usr\local\mysql\bin\mysqld-opt.exe: Normal shutdown

100218  3:39:02 [Note] \usr\local\mysql\bin\mysqld-opt.exe: Shutdown complete

100218  3:39:02 [Note] \usr\local\mysql\bin\mysqld-opt.exe: ready for connections.
Version: '5.0.67-community-nt'  socket: ''  port: 3306  MySQL Community Edition (GPL)
100218  3:45:13 [Note] \usr\local\mysql\bin\mysqld-opt.exe: Normal shutdown

100218  3:45:13 [Note] \usr\local\mysql\bin\mysqld-opt.exe: Shutdown complete

100218  3:46:30 [Note] \usr\local\mysql\bin\mysqld-opt.exe: ready for connections.
Version: '5.0.67-community-nt'  socket: ''  port: 3306  MySQL Community Edition (GPL)
100218  3:51:48 [Note] \usr\local\mysql\bin\mysqld-opt.exe: Normal shutdown

100218  3:51:48 [Note] \usr\local\mysql\bin\mysqld-opt.exe: Shutdown complete

100218  4:24:12 [Note] \usr\local\mysql\bin\mysqld-opt.exe: ready for connections.
Version: '5.0.67-community-nt'  socket: ''  port: 3306  MySQL Community Edition (GPL)
100218  5:05:42 [Note] \usr\local\mysql\bin\mysqld-opt.exe: Normal shutdown

100218  5:05:42 [Note] \usr\local\mysql\bin\mysqld-opt.exe: Shutdown complete

100218  5:15:32 [Note] \usr\local\mysql\bin\mysqld-opt.exe: ready for connections.
Version: '5.0.67-community-nt'  socket: ''  port: 3306  MySQL Community Edition (GPL)
100218  5:16:08 [Note] \usr\local\mysql\bin\mysqld-opt.exe: Normal shutdown

100218  5:16:08 [Note] \usr\local\mysql\bin\mysqld-opt.exe: Shutdown complete

100218  5:43:37 [Note] \usr\local\mysql\bin\mysqld-opt.exe: ready for connections.
Version: '5.0.67-community-nt'  socket: ''  port: 3306  MySQL Community Edition (GPL)
100218  5:45:08 [Note] \usr\local\mysql\bin\mysqld-opt.exe: Normal shutdown

100218  5:45:08 [Note] \usr\local\mysql\bin\mysqld-opt.exe: Shutdown complete

100218  5:45:08 [Note] \usr\local\mysql\bin\mysqld-opt.exe: ready for connections.
Version: '5.0.67-community-nt'  socket: ''  port: 3306  MySQL Community Edition (GPL)
100218  5:56:47 [Note] \usr\local\mysql\bin\mysqld-opt.exe: Normal shutdown

100218  5:56:47 [Note] \usr\local\mysql\bin\mysqld-opt.exe: Shutdown complete

100220  3:01:21 [Note] \usr\local\mysql\bin\mysqld-opt.exe: ready for connections.
Version: '5.0.67-community-nt'  socket: ''  port: 3306  MySQL Community Edition (GPL)
100220 13:59:52 [Note] \usr\local\mysql\bin\mysqld-opt.exe: Normal shutdown

100220 13:59:52 [Note] \usr\local\mysql\bin\mysqld-opt.exe: Shutdown complete

100220 15:06:50 [Note] \usr\local\mysql\bin\mysqld-opt.exe: ready for connections.
Version: '5.0.67-community-nt'  socket: ''  port: 3306  MySQL Community Edition (GPL)
100220 15:19:28 [Note] \usr\local\mysql\bin\mysqld-opt.exe: Normal shutdown

100220 15:19:28 [Note] \usr\local\mysql\bin\mysqld-opt.exe: Shutdown complete

100220 17:46:47 [Note] \usr\local\mysql\bin\mysqld-opt.exe: ready for connections.
Version: '5.0.67-community-nt'  socket: ''  port: 3306  MySQL Community Edition (GPL)
100220 18:05:58 [Note] \usr\local\mysql\bin\mysqld-opt.exe: Normal shutdown

100220 18:05:58 [Note] \usr\local\mysql\bin\mysqld-opt.exe: Shutdown complete

100220 23:57:46 [Note] \usr\local\mysql\bin\mysqld-opt.exe: ready for connections.
Version: '5.0.67-community-nt'  socket: ''  port: 3306  MySQL Community Edition (GPL)
100221  2:17:35 [Note] \usr\local\mysql\bin\mysqld-opt.exe: Normal shutdown

100221  2:17:36 [Note] \usr\local\mysql\bin\mysqld-opt.exe: Shutdown complete

100221  2:17:37 [Note] \usr\local\mysql\bin\mysqld-opt.exe: ready for connections.
Version: '5.0.67-community-nt'  socket: ''  port: 3306  MySQL Community Edition (GPL)
100221  2:24:42 [Note] \usr\local\mysql\bin\mysqld-opt.exe: Normal shutdown

100221  2:24:42 [Note] \usr\local\mysql\bin\mysqld-opt.exe: Shutdown complete

100221  2:26:16 [Note] \usr\local\mysql\bin\mysqld-opt.exe: ready for connections.
Version: '5.0.67-community-nt'  socket: ''  port: 3306  MySQL Community Edition (GPL)
100221  2:46:11 [Note] \usr\local\mysql\bin\mysqld-opt.exe: Normal shutdown

100221  2:46:11 [Note] \usr\local\mysql\bin\mysqld-opt.exe: Shutdown complete

100221  2:46:37 [Note] \usr\local\mysql\bin\mysqld-opt.exe: ready for connections.
Version: '5.0.67-community-nt'  socket: ''  port: 3306  MySQL Community Edition (GPL)
100221  2:50:24 [Note] \usr\local\mysql\bin\mysqld-opt.exe: Normal shutdown

100221  2:50:24 [Note] \usr\local\mysql\bin\mysqld-opt.exe: Shutdown complete

100221 15:10:30 [Note] \usr\local\mysql\bin\mysqld-opt.exe: ready for connections.
Version: '5.0.67-community-nt'  socket: ''  port: 3306  MySQL Community Edition (GPL)
100221 15:12:06 [Note] \usr\local\mysql\bin\mysqld-opt.exe: Normal shutdown

100221 15:12:06 [Note] \usr\local\mysql\bin\mysqld-opt.exe: Shutdown complete

100221 15:12:07 [Note] \usr\local\mysql\bin\mysqld-opt.exe: ready for connections.
Version: '5.0.67-community-nt'  socket: ''  port: 3306  MySQL Community Edition (GPL)
100221 15:13:51 [Note] \usr\local\mysql\bin\mysqld-opt.exe: Normal shutdown

100221 15:13:51 [Note] \usr\local\mysql\bin\mysqld-opt.exe: Shutdown complete

100221 15:13:51 [Note] \usr\local\mysql\bin\mysqld-opt.exe: ready for connections.
Version: '5.0.67-community-nt'  socket: ''  port: 3306  MySQL Community Edition (GPL)
100221 15:24:00 [Note] \usr\local\mysql\bin\mysqld-opt.exe: Normal shutdown

100221 15:24:00 [Note] \usr\local\mysql\bin\mysqld-opt.exe: Shutdown complete

100221 15:24:00 [Note] \usr\local\mysql\bin\mysqld-opt.exe: ready for connections.
Version: '5.0.67-community-nt'  socket: ''  port: 3306  MySQL Community Edition (GPL)
100221 16:36:45 [Note] \usr\local\mysql\bin\mysqld-opt.exe: Normal shutdown

100221 16:36:45 [Note] \usr\local\mysql\bin\mysqld-opt.exe: Shutdown complete

100222 14:02:01 [Note] \usr\local\mysql\bin\mysqld-opt.exe: ready for connections.
Version: '5.0.67-community-nt'  socket: ''  port: 3306  MySQL Community Edition (GPL)
100222 14:06:05 [Note] \usr\local\mysql\bin\mysqld-opt.exe: Normal shutdown

100222 14:06:05 [Note] \usr\local\mysql\bin\mysqld-opt.exe: Shutdown complete

100222 14:09:31 [Note] \usr\local\mysql\bin\mysqld-opt.exe: ready for connections.
Version: '5.0.67-community-nt'  socket: ''  port: 3306  MySQL Community Edition (GPL)
100222 14:15:24 [Note] \usr\local\mysql\bin\mysqld-opt.exe: Normal shutdown

100222 14:15:24 [Note] \usr\local\mysql\bin\mysqld-opt.exe: Shutdown complete

100222 14:15:24 [Note] \usr\local\mysql\bin\mysqld-opt.exe: ready for connections.
Version: '5.0.67-community-nt'  socket: ''  port: 3306  MySQL Community Edition (GPL)
100222 14:25:03 [Note] \usr\local\mysql\bin\mysqld-opt.exe: Normal shutdown

100222 14:25:03 [Note] \usr\local\mysql\bin\mysqld-opt.exe: Shutdown complete

100222 14:25:03 [Note] \usr\local\mysql\bin\mysqld-opt.exe: ready for connections.
Version: '5.0.67-community-nt'  socket: ''  port: 3306  MySQL Community Edition (GPL)
100222 14:30:13 [Note] \usr\local\mysql\bin\mysqld-opt.exe: Normal shutdown

100222 14:30:13 [Note] \usr\local\mysql\bin\mysqld-opt.exe: Shutdown complete

100222 14:32:31 [Note] \usr\local\mysql\bin\mysqld-opt.exe: ready for connections.
Version: '5.0.67-community-nt'  socket: ''  port: 3306  MySQL Community Edition (GPL)
100222 14:35:18 [Note] \usr\local\mysql\bin\mysqld-opt.exe: Normal shutdown

100222 14:35:18 [Note] \usr\local\mysql\bin\mysqld-opt.exe: Shutdown complete

100222 14:40:56 [Note] \usr\local\mysql\bin\mysqld-opt.exe: ready for connections.
Version: '5.0.67-community-nt'  socket: ''  port: 3306  MySQL Community Edition (GPL)
100222 14:43:55 [Note] \usr\local\mysql\bin\mysqld-opt.exe: Normal shutdown

100222 14:43:55 [Note] \usr\local\mysql\bin\mysqld-opt.exe: Shutdown complete

100222 14:44:15 [Note] \usr\local\mysql\bin\mysqld-opt.exe: ready for connections.
Version: '5.0.67-community-nt'  socket: ''  port: 3306  MySQL Community Edition (GPL)
Can't start server: Bind on TCP/IP port: Invalid argument
100222 14:48:24 [ERROR] Do you already have another mysqld server running on port: 3306 ?
100222 14:48:24 [ERROR] Aborting

100222 14:48:24 [Note] \usr\local\mysql\bin\mysqld-opt.exe: Shutdown complete

100222 14:48:24 [Note] \usr\local\mysql\bin\mysqld-opt.exe: Normal shutdown

100222 14:48:24 [Note] \usr\local\mysql\bin\mysqld-opt.exe: Shutdown complete

100222 14:49:03 [Note] \usr\local\mysql\bin\mysqld-opt.exe: ready for connections.
Version: '5.0.67-community-nt'  socket: ''  port: 3306  MySQL Community Edition (GPL)
100222 14:53:05 [Note] \usr\local\mysql\bin\mysqld-opt.exe: Normal shutdown

100222 14:53:05 [Note] \usr\local\mysql\bin\mysqld-opt.exe: Shutdown complete

100222 14:53:05 [Note] \usr\local\mysql\bin\mysqld-opt.exe: ready for connections.
Version: '5.0.67-community-nt'  socket: ''  port: 3306  MySQL Community Edition (GPL)
100222 14:56:37 [Note] \usr\local\mysql\bin\mysqld-opt.exe: Normal shutdown

100222 14:56:37 [Note] \usr\local\mysql\bin\mysqld-opt.exe: Shutdown complete

100222 14:56:37 [Note] \usr\local\mysql\bin\mysqld-opt.exe: ready for connections.
Version: '5.0.67-community-nt'  socket: ''  port: 3306  MySQL Community Edition (GPL)
100222 14:59:13 [Note] \usr\local\mysql\bin\mysqld-opt.exe: Normal shutdown

100222 14:59:13 [Note] \usr\local\mysql\bin\mysqld-opt.exe: Shutdown complete

100222 15:00:01 [Note] \usr\local\mysql\bin\mysqld-opt.exe: ready for connections.
Version: '5.0.67-community-nt'  socket: ''  port: 3306  MySQL Community Edition (GPL)
100222 15:03:24 [Note] \usr\local\mysql\bin\mysqld-opt.exe: Normal shutdown

100222 15:03:24 [Note] \usr\local\mysql\bin\mysqld-opt.exe: Shutdown complete

100222 15:03:25 [Note] \usr\local\mysql\bin\mysqld-opt.exe: ready for connections.
Version: '5.0.67-community-nt'  socket: ''  port: 3306  MySQL Community Edition (GPL)
100222 15:07:54 [Note] \usr\local\mysql\bin\mysqld-opt.exe: Normal shutdown

100222 15:07:54 [Note] \usr\local\mysql\bin\mysqld-opt.exe: Shutdown complete

100222 15:07:55 [Note] \usr\local\mysql\bin\mysqld-opt.exe: ready for connections.
Version: '5.0.67-community-nt'  socket: ''  port: 3306  MySQL Community Edition (GPL)
100222 15:10:20 [Note] \usr\local\mysql\bin\mysqld-opt.exe: Normal shutdown

100222 15:10:20 [Note] \usr\local\mysql\bin\mysqld-opt.exe: Shutdown complete

100222 15:11:44 [Note] \usr\local\mysql\bin\mysqld-opt.exe: ready for connections.
Version: '5.0.67-community-nt'  socket: ''  port: 3306  MySQL Community Edition (GPL)
100222 15:15:35 [Note] \usr\local\mysql\bin\mysqld-opt.exe: Normal shutdown

100222 15:15:35 [Note] \usr\local\mysql\bin\mysqld-opt.exe: Shutdown complete

100222 15:15:36 [Note] \usr\local\mysql\bin\mysqld-opt.exe: ready for connections.
Version: '5.0.67-community-nt'  socket: ''  port: 3306  MySQL Community Edition (GPL)
100222 15:18:42 [Note] \usr\local\mysql\bin\mysqld-opt.exe: Normal shutdown

100222 15:18:42 [Note] \usr\local\mysql\bin\mysqld-opt.exe: Shutdown complete

100222 15:18:42 [Note] \usr\local\mysql\bin\mysqld-opt.exe: ready for connections.
Version: '5.0.67-community-nt'  socket: ''  port: 3306  MySQL Community Edition (GPL)
100222 15:22:28 [Note] \usr\local\mysql\bin\mysqld-opt.exe: Normal shutdown

100222 15:22:28 [Note] \usr\local\mysql\bin\mysqld-opt.exe: Shutdown complete

100222 15:37:41 [Note] \usr\local\mysql\bin\mysqld-opt.exe: ready for connections.
Version: '5.0.67-community-nt'  socket: ''  port: 3306  MySQL Community Edition (GPL)
100222 15:42:47 [Note] \usr\local\mysql\bin\mysqld-opt.exe: Normal shutdown

100222 15:42:47 [Note] \usr\local\mysql\bin\mysqld-opt.exe: Shutdown complete

100222 15:43:15 [Note] \usr\local\mysql\bin\mysqld-opt.exe: ready for connections.
Version: '5.0.67-community-nt'  socket: ''  port: 3306  MySQL Community Edition (GPL)
100222 16:15:44 [Note] \usr\local\mysql\bin\mysqld-opt.exe: Normal shutdown

100222 16:15:44 [Note] \usr\local\mysql\bin\mysqld-opt.exe: Shutdown complete

100222 16:42:37 [Note] \usr\local\mysql\bin\mysqld-opt.exe: ready for connections.
Version: '5.0.67-community-nt'  socket: ''  port: 3306  MySQL Community Edition (GPL)
100222 16:43:37 [Note] \usr\local\mysql\bin\mysqld-opt.exe: Normal shutdown

100222 16:43:37 [Note] \usr\local\mysql\bin\mysqld-opt.exe: Shutdown complete

100222 16:44:06 [Note] \usr\local\mysql\bin\mysqld-opt.exe: ready for connections.
Version: '5.0.67-community-nt'  socket: ''  port: 3306  MySQL Community Edition (GPL)
100222 16:59:51 [Note] \usr\local\mysql\bin\mysqld-opt.exe: Normal shutdown

100222 16:59:51 [Note] \usr\local\mysql\bin\mysqld-opt.exe: Shutdown complete

100222 17:20:49 [Note] \usr\local\mysql\bin\mysqld-opt.exe: ready for connections.
Version: '5.0.67-community-nt'  socket: ''  port: 3306  MySQL Community Edition (GPL)
100222 17:22:10 [Note] \usr\local\mysql\bin\mysqld-opt.exe: Normal shutdown

100222 17:22:10 [Note] \usr\local\mysql\bin\mysqld-opt.exe: Shutdown complete

100222 17:34:04 [Note] \usr\local\mysql\bin\mysqld-opt.exe: ready for connections.
Version: '5.0.67-community-nt'  socket: ''  port: 3306  MySQL Community Edition (GPL)
100222 17:38:39 [Note] \usr\local\mysql\bin\mysqld-opt.exe: Normal shutdown

100222 17:38:39 [Note] \usr\local\mysql\bin\mysqld-opt.exe: Shutdown complete

100222 19:55:44 [Note] \usr\local\mysql\bin\mysqld-opt.exe: ready for connections.
Version: '5.0.67-community-nt'  socket: ''  port: 3306  MySQL Community Edition (GPL)
100222 19:58:43 [Note] \usr\local\mysql\bin\mysqld-opt.exe: Normal shutdown

100222 19:58:43 [Note] \usr\local\mysql\bin\mysqld-opt.exe: Shutdown complete

100223 17:36:24 [Note] \usr\local\mysql\bin\mysqld-opt.exe: ready for connections.
Version: '5.0.67-community-nt'  socket: ''  port: 3306  MySQL Community Edition (GPL)
100223 17:40:03 [Note] \usr\local\mysql\bin\mysqld-opt.exe: Normal shutdown

100223 17:40:03 [Note] \usr\local\mysql\bin\mysqld-opt.exe: Shutdown complete

100223 17:40:40 [Note] \usr\local\mysql\bin\mysqld-opt.exe: ready for connections.
Version: '5.0.67-community-nt'  socket: ''  port: 3306  MySQL Community Edition (GPL)
100223 18:17:00 [Note] \usr\local\mysql\bin\mysqld-opt.exe: Normal shutdown

100223 18:17:00 [Note] \usr\local\mysql\bin\mysqld-opt.exe: Shutdown complete

100224 11:52:50 [Note] \usr\local\mysql\bin\mysqld-opt.exe: ready for connections.
Version: '5.0.67-community-nt'  socket: ''  port: 3306  MySQL Community Edition (GPL)
100224 11:57:33 [Note] \usr\local\mysql\bin\mysqld-opt.exe: Normal shutdown

100224 11:57:33 [Note] \usr\local\mysql\bin\mysqld-opt.exe: Shutdown complete

100224 11:57:37 [Note] \usr\local\mysql\bin\mysqld-opt.exe: ready for connections.
Version: '5.0.67-community-nt'  socket: ''  port: 3306  MySQL Community Edition (GPL)
100224 12:05:24 [Note] \usr\local\mysql\bin\mysqld-opt.exe: Normal shutdown

100224 12:05:24 [Note] \usr\local\mysql\bin\mysqld-opt.exe: Shutdown complete

100224 12:05:25 [Note] \usr\local\mysql\bin\mysqld-opt.exe: ready for connections.
Version: '5.0.67-community-nt'  socket: ''  port: 3306  MySQL Community Edition (GPL)
100224 12:09:26 [Note] \usr\local\mysql\bin\mysqld-opt.exe: Normal shutdown

100224 12:09:26 [Note] \usr\local\mysql\bin\mysqld-opt.exe: Shutdown complete

100224 12:10:40 [Note] \usr\local\mysql\bin\mysqld-opt.exe: ready for connections.
Version: '5.0.67-community-nt'  socket: ''  port: 3306  MySQL Community Edition (GPL)
100224 12:13:55 [Note] \usr\local\mysql\bin\mysqld-opt.exe: Normal shutdown

100224 12:13:55 [Note] \usr\local\mysql\bin\mysqld-opt.exe: Shutdown complete

100225 16:54:12 [Note] \usr\local\mysql\bin\mysqld-opt.exe: ready for connections.
Version: '5.0.67-community-nt'  socket: ''  port: 3306  MySQL Community Edition (GPL)
100225 17:02:28 [Note] \usr\local\mysql\bin\mysqld-opt.exe: Normal shutdown

100225 17:02:28 [Note] \usr\local\mysql\bin\mysqld-opt.exe: Shutdown complete

100225 18:49:48 [Note] \usr\local\mysql\bin\mysqld-opt.exe: ready for connections.
Version: '5.0.67-community-nt'  socket: ''  port: 3306  MySQL Community Edition (GPL)
100225 19:55:37 [Note] \usr\local\mysql\bin\mysqld-opt.exe: Normal shutdown

100225 19:55:37 [Note] \usr\local\mysql\bin\mysqld-opt.exe: Shutdown complete

100225 23:32:47 [Note] \usr\local\mysql\bin\mysqld-opt.exe: ready for connections.
Version: '5.0.67-community-nt'  socket: ''  port: 3306  MySQL Community Edition (GPL)
100226  0:00:31 [Note] \usr\local\mysql\bin\mysqld-opt.exe: Normal shutdown

100226  0:00:31 [Note] \usr\local\mysql\bin\mysqld-opt.exe: Shutdown complete

100226  0:03:10 [Note] \usr\local\mysql\bin\mysqld-opt.exe: ready for connections.
Version: '5.0.67-community-nt'  socket: ''  port: 3306  MySQL Community Edition (GPL)
100226  0:40:47 [Note] \usr\local\mysql\bin\mysqld-opt.exe: Normal shutdown

100226  0:40:47 [Note] \usr\local\mysql\bin\mysqld-opt.exe: Shutdown complete

100226  0:51:26 [Note] \usr\local\mysql\bin\mysqld-opt.exe: ready for connections.
Version: '5.0.67-community-nt'  socket: ''  port: 3306  MySQL Community Edition (GPL)
100226  1:09:11 [Note] \usr\local\mysql\bin\mysqld-opt.exe: Normal shutdown

100226  1:09:11 [Note] \usr\local\mysql\bin\mysqld-opt.exe: Shutdown complete

100226  1:09:12 [Note] \usr\local\mysql\bin\mysqld-opt.exe: ready for connections.
Version: '5.0.67-community-nt'  socket: ''  port: 3306  MySQL Community Edition (GPL)
100226  1:21:37 [Note] \usr\local\mysql\bin\mysqld-opt.exe: Normal shutdown

100226  1:21:37 [Note] \usr\local\mysql\bin\mysqld-opt.exe: Shutdown complete

100226  1:21:37 [Note] \usr\local\mysql\bin\mysqld-opt.exe: ready for connections.
Version: '5.0.67-community-nt'  socket: ''  port: 3306  MySQL Community Edition (GPL)
100226  1:33:25 [Note] \usr\local\mysql\bin\mysqld-opt.exe: Normal shutdown

100226  1:33:25 [Note] \usr\local\mysql\bin\mysqld-opt.exe: Shutdown complete

100226  1:33:25 [Note] \usr\local\mysql\bin\mysqld-opt.exe: ready for connections.
Version: '5.0.67-community-nt'  socket: ''  port: 3306  MySQL Community Edition (GPL)
100226 19:24:17 [Note] \usr\local\mysql\bin\mysqld-opt.exe: ready for connections.
Version: '5.0.67-community-nt'  socket: ''  port: 3306  MySQL Community Edition (GPL)
100226 21:47:31 [Note] \usr\local\mysql\bin\mysqld-opt.exe: Normal shutdown

100226 21:47:31 [Note] \usr\local\mysql\bin\mysqld-opt.exe: Shutdown complete

100226 21:47:32 [Note] \usr\local\mysql\bin\mysqld-opt.exe: ready for connections.
Version: '5.0.67-community-nt'  socket: ''  port: 3306  MySQL Community Edition (GPL)
100226 21:49:40 [Note] \usr\local\mysql\bin\mysqld-opt.exe: Normal shutdown

100226 21:49:40 [Note] \usr\local\mysql\bin\mysqld-opt.exe: Shutdown complete

100226 21:49:41 [Note] \usr\local\mysql\bin\mysqld-opt.exe: ready for connections.
Version: '5.0.67-community-nt'  socket: ''  port: 3306  MySQL Community Edition (GPL)
100226 21:52:41 [Note] \usr\local\mysql\bin\mysqld-opt.exe: Normal shutdown

100226 21:52:41 [Note] \usr\local\mysql\bin\mysqld-opt.exe: Shutdown complete

100226 21:52:42 [Note] \usr\local\mysql\bin\mysqld-opt.exe: ready for connections.
Version: '5.0.67-community-nt'  socket: ''  port: 3306  MySQL Community Edition (GPL)
100226 21:54:27 [Note] \usr\local\mysql\bin\mysqld-opt.exe: Normal shutdown

100226 21:54:27 [Note] \usr\local\mysql\bin\mysqld-opt.exe: Shutdown complete

100226 21:54:27 [Note] \usr\local\mysql\bin\mysqld-opt.exe: ready for connections.
Version: '5.0.67-community-nt'  socket: ''  port: 3306  MySQL Community Edition (GPL)
100227  2:12:36 [Note] \usr\local\mysql\bin\mysqld-opt.exe: Normal shutdown

100227  2:12:36 [Note] \usr\local\mysql\bin\mysqld-opt.exe: Shutdown complete

100309 20:59:07 [Note] \usr\local\mysql\bin\mysqld-opt.exe: ready for connections.
Version: '5.0.67-community-nt'  socket: ''  port: 3306  MySQL Community Edition (GPL)
100309 21:02:44 [Note] \usr\local\mysql\bin\mysqld-opt.exe: Normal shutdown

100309 21:02:44 [Note] \usr\local\mysql\bin\mysqld-opt.exe: Shutdown complete

100510 21:32:20 [Note] \usr\local\mysql\bin\mysqld-opt.exe: ready for connections.
Version: '5.0.67-community-nt'  socket: ''  port: 3306  MySQL Community Edition (GPL)
100510 21:44:23 [Note] \usr\local\mysql\bin\mysqld-opt.exe: Normal shutdown

100510 21:44:23 [Note] \usr\local\mysql\bin\mysqld-opt.exe: Shutdown complete

100510 21:44:45 [Note] \usr\local\mysql\bin\mysqld-opt.exe: ready for connections.
Version: '5.0.67-community-nt'  socket: ''  port: 3306  MySQL Community Edition (GPL)
100510 21:49:14 [Note] \usr\local\mysql\bin\mysqld-opt.exe: Normal shutdown

100510 21:49:16 [Warning] \usr\local\mysql\bin\mysqld-opt.exe: Forcing close of thread 25  user: 'root'

100510 21:49:16 [Warning] \usr\local\mysql\bin\mysqld-opt.exe: Forcing close of thread 22  user: 'root'

100510 21:49:16 [Warning] \usr\local\mysql\bin\mysqld-opt.exe: Forcing close of thread 21  user: 'root'

100510 21:49:16 [Note] \usr\local\mysql\bin\mysqld-opt.exe: Shutdown complete

100510 21:49:17 [Note] \usr\local\mysql\bin\mysqld-opt.exe: ready for connections.
Version: '5.0.67-community-nt'  socket: ''  port: 3306  MySQL Community Edition (GPL)
100510 21:59:40 [Note] \usr\local\mysql\bin\mysqld-opt.exe: Normal shutdown

100510 21:59:40 [Note] \usr\local\mysql\bin\mysqld-opt.exe: Shutdown complete

100510 21:59:41 [Note] \usr\local\mysql\bin\mysqld-opt.exe: ready for connections.
Version: '5.0.67-community-nt'  socket: ''  port: 3306  MySQL Community Edition (GPL)
100510 22:07:08 [Note] \usr\local\mysql\bin\mysqld-opt.exe: Normal shutdown

100510 22:07:08 [Note] \usr\local\mysql\bin\mysqld-opt.exe: Shutdown complete

100510 22:07:08 [Note] \usr\local\mysql\bin\mysqld-opt.exe: ready for connections.
Version: '5.0.67-community-nt'  socket: ''  port: 3306  MySQL Community Edition (GPL)
100510 22:16:43 [Note] \usr\local\mysql\bin\mysqld-opt.exe: Normal shutdown

100510 22:16:43 [Note] \usr\local\mysql\bin\mysqld-opt.exe: Shutdown complete

100525 23:55:12 [Note] \usr\local\mysql\bin\mysqld-opt.exe: ready for connections.
Version: '5.0.67-community-nt'  socket: ''  port: 3306  MySQL Community Edition (GPL)
100526  0:10:58 [Note] \usr\local\mysql\bin\mysqld-opt.exe: Normal shutdown

100526  0:10:58 [Note] \usr\local\mysql\bin\mysqld-opt.exe: Shutdown complete

100526  0:11:29 [Note] \usr\local\mysql\bin\mysqld-opt.exe: ready for connections.
Version: '5.0.67-community-nt'  socket: ''  port: 3306  MySQL Community Edition (GPL)
100526  0:13:59 [Note] \usr\local\mysql\bin\mysqld-opt.exe: Normal shutdown

100526  0:13:59 [Note] \usr\local\mysql\bin\mysqld-opt.exe: Shutdown complete

100526  0:14:02 [Note] \usr\local\mysql\bin\mysqld-opt.exe: ready for connections.
Version: '5.0.67-community-nt'  socket: ''  port: 3306  MySQL Community Edition (GPL)
100526  0:15:32 [Note] \usr\local\mysql\bin\mysqld-opt.exe: Normal shutdown

100526  0:15:32 [Note] \usr\local\mysql\bin\mysqld-opt.exe: Shutdown complete

100526  0:16:48 [Note] \usr\local\mysql\bin\mysqld-opt.exe: ready for connections.
Version: '5.0.67-community-nt'  socket: ''  port: 3306  MySQL Community Edition (GPL)
100526  0:18:01 [Note] \usr\local\mysql\bin\mysqld-opt.exe: Normal shutdown

100526  0:18:01 [Note] \usr\local\mysql\bin\mysqld-opt.exe: Shutdown complete

100526  0:18:04 [Note] \usr\local\mysql\bin\mysqld-opt.exe: ready for connections.
Version: '5.0.67-community-nt'  socket: ''  port: 3306  MySQL Community Edition (GPL)
100526  0:25:48 [Note] \usr\local\mysql\bin\mysqld-opt.exe: Normal shutdown

100526  0:25:48 [Note] \usr\local\mysql\bin\mysqld-opt.exe: Shutdown complete

100615 17:22:49 [Note] \usr\local\mysql\bin\mysqld-opt.exe: ready for connections.
Version: '5.0.67-community-nt'  socket: ''  port: 3306  MySQL Community Edition (GPL)
100615 17:24:08 [Note] \usr\local\mysql\bin\mysqld-opt.exe: Normal shutdown

100615 17:24:08 [Note] \usr\local\mysql\bin\mysqld-opt.exe: Shutdown complete

100615 17:24:13 [Note] \usr\local\mysql\bin\mysqld-opt.exe: ready for connections.
Version: '5.0.67-community-nt'  socket: ''  port: 3306  MySQL Community Edition (GPL)
100615 17:25:06 [Note] \usr\local\mysql\bin\mysqld-opt.exe: Normal shutdown

100615 17:25:06 [Note] \usr\local\mysql\bin\mysqld-opt.exe: Shutdown complete

100615 17:41:50 [Note] \usr\local\mysql\bin\mysqld-opt.exe: ready for connections.
Version: '5.0.67-community-nt'  socket: ''  port: 3306  MySQL Community Edition (GPL)
100615 17:44:04 [Note] \usr\local\mysql\bin\mysqld-opt.exe: Normal shutdown

100615 17:44:04 [Note] \usr\local\mysql\bin\mysqld-opt.exe: Shutdown complete

100615 17:44:09 [Note] \usr\local\mysql\bin\mysqld-opt.exe: ready for connections.
Version: '5.0.67-community-nt'  socket: ''  port: 3306  MySQL Community Edition (GPL)
100615 17:44:21 [Note] \usr\local\mysql\bin\mysqld-opt.exe: Normal shutdown

100615 17:44:21 [Note] \usr\local\mysql\bin\mysqld-opt.exe: Shutdown complete

100615 17:44:30 [Note] \usr\local\mysql\bin\mysqld-opt.exe: ready for connections.
Version: '5.0.67-community-nt'  socket: ''  port: 3306  MySQL Community Edition (GPL)
100615 17:51:10 [Note] \usr\local\mysql\bin\mysqld-opt.exe: Normal shutdown

100615 17:51:10 [Note] \usr\local\mysql\bin\mysqld-opt.exe: Shutdown complete

100615 17:51:26 [Note] \usr\local\mysql\bin\mysqld-opt.exe: ready for connections.
Version: '5.0.67-community-nt'  socket: ''  port: 3306  MySQL Community Edition (GPL)
100615 18:02:01 [Note] \usr\local\mysql\bin\mysqld-opt.exe: Normal shutdown

100615 18:02:01 [Note] \usr\local\mysql\bin\mysqld-opt.exe: Shutdown complete

100616  0:41:13 [Note] \usr\local\mysql\bin\mysqld-opt.exe: ready for connections.
Version: '5.0.67-community-nt'  socket: ''  port: 3306  MySQL Community Edition (GPL)
100616  1:33:25 [Note] \usr\local\mysql\bin\mysqld-opt.exe: Normal shutdown

100616  1:33:25 [Note] \usr\local\mysql\bin\mysqld-opt.exe: Shutdown complete

100718  0:56:49 [Note] \usr\local\mysql\bin\mysqld-opt.exe: ready for connections.
Version: '5.0.67-community-nt'  socket: ''  port: 3306  MySQL Community Edition (GPL)
101026 23:56:49 [Note] \usr\local\mysql\bin\mysqld-opt.exe: ready for connections.
Version: '5.0.67-community-nt'  socket: ''  port: 3306  MySQL Community Edition (GPL)
101027  0:02:53 [Note] \usr\local\mysql\bin\mysqld-opt.exe: Normal shutdown

101027  0:02:53 [Note] \usr\local\mysql\bin\mysqld-opt.exe: Shutdown complete

101027  0:02:54 [Note] \usr\local\mysql\bin\mysqld-opt.exe: ready for connections.
Version: '5.0.67-community-nt'  socket: ''  port: 3306  MySQL Community Edition (GPL)
101027  0:33:55 [Note] \usr\local\mysql\bin\mysqld-opt.exe: Normal shutdown

101027  0:33:55 [Note] \usr\local\mysql\bin\mysqld-opt.exe: Shutdown complete

101027  1:50:41 [Note] \usr\local\mysql\bin\mysqld-opt.exe: ready for connections.
Version: '5.0.67-community-nt'  socket: ''  port: 3306  MySQL Community Edition (GPL)
101027  1:53:40 [Note] \usr\local\mysql\bin\mysqld-opt.exe: Normal shutdown

101027  1:53:41 [Note] \usr\local\mysql\bin\mysqld-opt.exe: Shutdown complete

101027  1:53:41 [Note] \usr\local\mysql\bin\mysqld-opt.exe: ready for connections.
Version: '5.0.67-community-nt'  socket: ''  port: 3306  MySQL Community Edition (GPL)
101027  1:56:39 [Note] \usr\local\mysql\bin\mysqld-opt.exe: Normal shutdown

101027  1:56:41 [Warning] \usr\local\mysql\bin\mysqld-opt.exe: Forcing close of thread 7  user: 'root'

101027  1:56:41 [Warning] \usr\local\mysql\bin\mysqld-opt.exe: Forcing close of thread 6  user: 'root'

101027  1:56:41 [Note] \usr\local\mysql\bin\mysqld-opt.exe: Shutdown complete

101204 12:31:15 [Note] \usr\local\mysql\bin\mysqld-opt.exe: ready for connections.
Version: '5.0.67-community-nt'  socket: ''  port: 3306  MySQL Community Edition (GPL)
101204 12:31:49 [Note] \usr\local\mysql\bin\mysqld-opt.exe: Normal shutdown

101204 12:31:49 [Note] \usr\local\mysql\bin\mysqld-opt.exe: Shutdown complete

110103 23:48:33 [Note] \usr\local\mysql\bin\mysqld-opt.exe: ready for connections.
Version: '5.0.67-community-nt'  socket: ''  port: 3306  MySQL Community Edition (GPL)
110103 23:49:09 [Note] \usr\local\mysql\bin\mysqld-opt.exe: Normal shutdown

110103 23:49:09 [Note] \usr\local\mysql\bin\mysqld-opt.exe: Shutdown complete

110104  0:03:50 [Note] \usr\local\mysql\bin\mysqld-opt.exe: ready for connections.
Version: '5.0.67-community-nt'  socket: ''  port: 3306  MySQL Community Edition (GPL)
110104  0:59:01 [Note] \usr\local\mysql\bin\mysqld-opt.exe: Normal shutdown

110104  0:59:01 [Note] \usr\local\mysql\bin\mysqld-opt.exe: Shutdown complete

110104  2:41:35 [Note] \usr\local\mysql\bin\mysqld-opt.exe: ready for connections.
Version: '5.0.67-community-nt'  socket: ''  port: 3306  MySQL Community Edition (GPL)
110104  3:00:36 [Note] \usr\local\mysql\bin\mysqld-opt.exe: Normal shutdown

110104  3:00:37 [Note] \usr\local\mysql\bin\mysqld-opt.exe: Shutdown complete

111125 12:25:55 [Note] \usr\local\mysql\bin\mysqld-opt.exe: ready for connections.
Version: '5.0.67-community-nt'  socket: ''  port: 3306  MySQL Community Edition (GPL)
111125 12:32:06 [Note] \usr\local\mysql\bin\mysqld-opt.exe: Normal shutdown

111125 12:32:06 [Note] \usr\local\mysql\bin\mysqld-opt.exe: Shutdown complete

120624  4:52:41 [Note] \usr\local\mysql\bin\mysqld-opt.exe: ready for connections.
Version: '5.0.67-community-nt'  socket: ''  port: 3306  MySQL Community Edition (GPL)
120624  4:55:18 [Note] \usr\local\mysql\bin\mysqld-opt.exe: Normal shutdown

120624  4:55:18 [Note] \usr\local\mysql\bin\mysqld-opt.exe: Shutdown complete

120624  4:57:23 [Note] \usr\local\mysql\bin\mysqld-opt.exe: ready for connections.
Version: '5.0.67-community-nt'  socket: ''  port: 3306  MySQL Community Edition (GPL)
120624  5:05:24 [Note] \usr\local\mysql\bin\mysqld-opt.exe: Normal shutdown

120624  5:05:24 [Note] \usr\local\mysql\bin\mysqld-opt.exe: Shutdown complete

120624  5:05:29 [Note] \usr\local\mysql\bin\mysqld-opt.exe: ready for connections.
Version: '5.0.67-community-nt'  socket: ''  port: 3306  MySQL Community Edition (GPL)
120624  5:07:49 [Note] \usr\local\mysql\bin\mysqld-opt.exe: Normal shutdown

120624  5:07:49 [Note] \usr\local\mysql\bin\mysqld-opt.exe: Shutdown complete

120730  0:24:44 [Note] \usr\local\mysql\bin\mysqld-opt.exe: ready for connections.
Version: '5.0.67-community-nt'  socket: ''  port: 3306  MySQL Community Edition (GPL)
120730  0:25:36 [Note] \usr\local\mysql\bin\mysqld-opt.exe: Normal shutdown

120730  0:25:36 [Note] \usr\local\mysql\bin\mysqld-opt.exe: Shutdown complete

120730  0:25:48 [Note] \usr\local\mysql\bin\mysqld-opt.exe: ready for connections.
Version: '5.0.67-community-nt'  socket: ''  port: 3306  MySQL Community Edition (GPL)
120730  0:26:37 [Note] \usr\local\mysql\bin\mysqld-opt.exe: Normal shutdown

120730  0:26:37 [Note] \usr\local\mysql\bin\mysqld-opt.exe: Shutdown complete

120901 11:24:21 [Note] \usr\local\mysql\bin\mysqld-opt.exe: ready for connections.
Version: '5.0.67-community-nt'  socket: ''  port: 3306  MySQL Community Edition (GPL)
120901 11:26:35 [Note] \usr\local\mysql\bin\mysqld-opt.exe: Normal shutdown

120901 11:26:35 [Note] \usr\local\mysql\bin\mysqld-opt.exe: Shutdown complete

130216 17:35:34 [Note] \usr\local\mysql\bin\mysqld-opt.exe: ready for connections.
Version: '5.0.67-community-nt'  socket: ''  port: 3306  MySQL Community Edition (GPL)
130216 17:43:28 [Note] \usr\local\mysql\bin\mysqld-opt.exe: Normal shutdown

130216 17:43:28 [Note] \usr\local\mysql\bin\mysqld-opt.exe: Shutdown complete

130216 17:44:12 [Note] \usr\local\mysql\bin\mysqld-opt.exe: ready for connections.
Version: '5.0.67-community-nt'  socket: ''  port: 3306  MySQL Community Edition (GPL)
130216 17:45:41 [Note] \usr\local\mysql\bin\mysqld-opt.exe: Normal shutdown

130216 17:45:41 [Note] \usr\local\mysql\bin\mysqld-opt.exe: Shutdown complete

130216 17:45:50 [Note] \usr\local\mysql\bin\mysqld-opt.exe: ready for connections.
Version: '5.0.67-community-nt'  socket: ''  port: 3306  MySQL Community Edition (GPL)
130216 17:46:37 [Note] \usr\local\mysql\bin\mysqld-opt.exe: Normal shutdown

130216 17:46:37 [Note] \usr\local\mysql\bin\mysqld-opt.exe: Shutdown complete

130216 17:46:43 [Note] \usr\local\mysql\bin\mysqld-opt.exe: ready for connections.
Version: '5.0.67-community-nt'  socket: ''  port: 3306  MySQL Community Edition (GPL)
130216 17:46:57 [Note] \usr\local\mysql\bin\mysqld-opt.exe: Normal shutdown

130216 17:46:57 [Note] \usr\local\mysql\bin\mysqld-opt.exe: Shutdown complete

130216 17:48:12 [Note] \usr\local\mysql\bin\mysqld-opt.exe: ready for connections.
Version: '5.0.67-community-nt'  socket: ''  port: 3306  MySQL Community Edition (GPL)
130216 17:48:24 [Note] \usr\local\mysql\bin\mysqld-opt.exe: Normal shutdown

130216 17:48:24 [Note] \usr\local\mysql\bin\mysqld-opt.exe: Shutdown complete

130216 17:48:41 [Note] \usr\local\mysql\bin\mysqld-opt.exe: ready for connections.
Version: '5.0.67-community-nt'  socket: ''  port: 3306  MySQL Community Edition (GPL)
130216 19:02:05 [Note] \usr\local\mysql\bin\mysqld-opt.exe: Normal shutdown

130216 19:02:05 [Note] \usr\local\mysql\bin\mysqld-opt.exe: Shutdown complete

130216 19:05:25 [Note] \usr\local\mysql\bin\mysqld-opt.exe: ready for connections.
Version: '5.0.67-community-nt'  socket: ''  port: 3306  MySQL Community Edition (GPL)
130216 21:22:55 [Note] \usr\local\mysql\bin\mysqld-opt.exe: Normal shutdown

130216 21:22:55 [Note] \usr\local\mysql\bin\mysqld-opt.exe: Shutdown complete

150317 22:46:28 [Note] \usr\local\mysql\bin\mysqld-opt.exe: ready for connections.
Version: '5.0.67-community-nt'  socket: ''  port: 3306  MySQL Community Edition (GPL)
150317 22:55:49 [Note] \usr\local\mysql\bin\mysqld-opt.exe: Normal shutdown

150317 22:55:49 [Note] \usr\local\mysql\bin\mysqld-opt.exe: Shutdown complete

150317 23:17:18 [Note] \usr\local\mysql\bin\mysqld-opt.exe: ready for connections.
Version: '5.0.67-community-nt'  socket: ''  port: 3306  MySQL Community Edition (GPL)
150317 23:24:02 [Note] \usr\local\mysql\bin\mysqld-opt.exe: Normal shutdown

150317 23:24:02 [Note] \usr\local\mysql\bin\mysqld-opt.exe: Shutdown complete

170323 20:16:02 [Note] \usr\local\mysql\bin\mysqld-opt.exe: ready for connections.
Version: '5.0.67-community-nt'  socket: ''  port: 3306  MySQL Community Edition (GPL)
170323 22:00:43 [Note] \usr\local\mysql\bin\mysqld-opt.exe: Normal shutdown

170323 22:00:43 [Note] \usr\local\mysql\bin\mysqld-opt.exe: Shutdown complete

170819  2:10:33 [Note] \usr\local\mysql\bin\mysqld-opt.exe: ready for connections.
Version: '5.0.67-community-nt'  socket: ''  port: 3306  MySQL Community Edition (GPL)
170819  2:17:46 [Note] \usr\local\mysql\bin\mysqld-opt.exe: Normal shutdown

170819  2:17:46 [Note] \usr\local\mysql\bin\mysqld-opt.exe: Shutdown complete

170819  3:12:36 [Note] \usr\local\mysql\bin\mysqld-opt.exe: ready for connections.
Version: '5.0.67-community-nt'  socket: ''  port: 3306  MySQL Community Edition (GPL)
170819  3:15:24 [Note] \usr\local\mysql\bin\mysqld-opt.exe: Normal shutdown

170819  3:15:24 [Note] \usr\local\mysql\bin\mysqld-opt.exe: Shutdown complete

